/usr/local/lib/jdk1.8.0_102/bin/java -ea -javaagent:/home/rineholt/.m2/repository/org/mortbay/jetty/alpn/jetty-alpn-agent/2.0.1/jetty-alpn-agent-2.0.1.jar -Didea.launcher.port=7535 -Didea.launcher.bin.path=/home/rineholt/bin/binaries/x86_64/idea-IC-163.7743.44/bin -Dfile.encoding=UTF-8 -classpath /home/rineholt/bin/binaries/x86_64/idea-IC-163.7743.44/lib/idea_rt.jar:/home/rineholt/bin/binaries/x86_64/idea-IC-163.7743.44/plugins/junit/lib/junit-rt.jar:/usr/local/lib/jdk1.8.0_102/jre/lib/charsets.jar:/usr/local/lib/jdk1.8.0_102/jre/lib/deploy.jar:/usr/local/lib/jdk1.8.0_102/jre/lib/ext/cldrdata.jar:/usr/local/lib/jdk1.8.0_102/jre/lib/ext/dnsns.jar:/usr/local/lib/jdk1.8.0_102/jre/lib/ext/jaccess.jar:/usr/local/lib/jdk1.8.0_102/jre/lib/ext/jfxrt.jar:/usr/local/lib/jdk1.8.0_102/jre/lib/ext/localedata.jar:/usr/local/lib/jdk1.8.0_102/jre/lib/ext/nashorn.jar:/usr/local/lib/jdk1.8.0_102/jre/lib/ext/sunec.jar:/usr/local/lib/jdk1.8.0_102/jre/lib/ext/sunjce_provider.jar:/usr/local/lib/jdk1.8.0_102/jre/lib/ext/sunpkcs11.jar:/usr/local/lib/jdk1.8.0_102/jre/lib/ext/zipfs.jar:/usr/local/lib/jdk1.8.0_102/jre/lib/javaws.jar:/usr/local/lib/jdk1.8.0_102/jre/lib/jce.jar:/usr/local/lib/jdk1.8.0_102/jre/lib/jfr.jar:/usr/local/lib/jdk1.8.0_102/jre/lib/jfxswt.jar:/usr/local/lib/jdk1.8.0_102/jre/lib/jsse.jar:/usr/local/lib/jdk1.8.0_102/jre/lib/management-agent.jar:/usr/local/lib/jdk1.8.0_102/jre/lib/plugin.jar:/usr/local/lib/jdk1.8.0_102/jre/lib/resources.jar:/usr/local/lib/jdk1.8.0_102/jre/lib/rt.jar:/home/rineholt/gitws/bc/fsj-1392/fabric-sdk-java/target/test-classes:/home/rineholt/gitws/bc/fsj-1392/fabric-sdk-java/target/classes:/home/rineholt/.m2/repository/junit/junit/4.12/junit-4.12.jar:/home/rineholt/.m2/repository/org/hamcrest/hamcrest-core/1.3/hamcrest-core-1.3.jar:/home/rineholt/.m2/repository/io/grpc/grpc-netty/1.1.2/grpc-netty-1.1.2.jar:/home/rineholt/.m2/repository/io/grpc/grpc-core/1.1.2/grpc-core-1.1.2.jar:/home/rineholt/.m2/repository/com/google/errorprone/error_prone_annotations/2.0.11/error_prone_annotations-2.0.11.jar:/home/rineholt/.m2/repository/com/google/code/findbugs/jsr305/3.0.0/jsr305-3.0.0.jar:/home/rineholt/.m2/repository/io/grpc/grpc-context/1.1.2/grpc-context-1.1.2.jar:/home/rineholt/.m2/repository/com/google/instrumentation/instrumentation-api/0.3.0/instrumentation-api-0.3.0.jar:/home/rineholt/.m2/repository/io/netty/netty-codec-http2/4.1.8.Final/netty-codec-http2-4.1.8.Final.jar:/home/rineholt/.m2/repository/io/netty/netty-codec-http/4.1.8.Final/netty-codec-http-4.1.8.Final.jar:/home/rineholt/.m2/repository/io/netty/netty-codec/4.1.8.Final/netty-codec-4.1.8.Final.jar:/home/rineholt/.m2/repository/io/netty/netty-handler/4.1.8.Final/netty-handler-4.1.8.Final.jar:/home/rineholt/.m2/repository/io/netty/netty-buffer/4.1.8.Final/netty-buffer-4.1.8.Final.jar:/home/rineholt/.m2/repository/io/netty/netty-common/4.1.8.Final/netty-common-4.1.8.Final.jar:/home/rineholt/.m2/repository/io/netty/netty-handler-proxy/4.1.8.Final/netty-handler-proxy-4.1.8.Final.jar:/home/rineholt/.m2/repository/io/netty/netty-transport/4.1.8.Final/netty-transport-4.1.8.Final.jar:/home/rineholt/.m2/repository/io/netty/netty-resolver/4.1.8.Final/netty-resolver-4.1.8.Final.jar:/home/rineholt/.m2/repository/io/netty/netty-codec-socks/4.1.8.Final/netty-codec-socks-4.1.8.Final.jar:/home/rineholt/.m2/repository/io/grpc/grpc-protobuf/1.1.2/grpc-protobuf-1.1.2.jar:/home/rineholt/.m2/repository/com/google/guava/guava/20.0/guava-20.0.jar:/home/rineholt/.m2/repository/com/google/protobuf/protobuf-java-util/3.1.0/protobuf-java-util-3.1.0.jar:/home/rineholt/.m2/repository/com/google/code/gson/gson/2.7/gson-2.7.jar:/home/rineholt/.m2/repository/io/grpc/grpc-protobuf-lite/1.1.2/grpc-protobuf-lite-1.1.2.jar:/home/rineholt/.m2/repository/io/grpc/grpc-stub/1.1.2/grpc-stub-1.1.2.jar:/home/rineholt/.m2/repository/com/google/protobuf/protobuf-java/3.1.0/protobuf-java-3.1.0.jar:/home/rineholt/.m2/repository/org/bouncycastle/bcpkix-jdk15on/1.55/bcpkix-jdk15on-1.55.jar:/home/rineholt/.m2/repository/org/bouncycastle/bcprov-jdk15on/1.55/bcprov-jdk15on-1.55.jar:/home/rineholt/.m2/repository/commons-logging/commons-logging/1.2/commons-logging-1.2.jar:/home/rineholt/.m2/repository/commons-cli/commons-cli/1.3.1/commons-cli-1.3.1.jar:/home/rineholt/.m2/repository/org/apache/commons/commons-compress/1.12/commons-compress-1.12.jar:/home/rineholt/.m2/repository/commons-io/commons-io/2.4/commons-io-2.4.jar:/home/rineholt/.m2/repository/log4j/log4j/1.2.17/log4j-1.2.17.jar:/home/rineholt/.m2/repository/org/apache/httpcomponents/httpclient/4.5.2/httpclient-4.5.2.jar:/home/rineholt/.m2/repository/org/apache/httpcomponents/httpcore/4.4.4/httpcore-4.4.4.jar:/home/rineholt/.m2/repository/commons-codec/commons-codec/1.9/commons-codec-1.9.jar:/home/rineholt/.m2/repository/org/glassfish/javax.json/1.0.4/javax.json-1.0.4.jar com.intellij.rt.execution.application.AppMain com.intellij.rt.execution.junit.JUnitStarter -ideVersion5 org.hyperledger.fabric.sdkintegration.End2endIT
[jetty-alpn-agent] Using: alpn-boot-8.1.7.v20160121.jar
[jetty-alpn-agent] Replacing: sun/security/ssl/ExtensionType
Mar 18, 2017 6:00:32 PM io.grpc.internal.ManagedChannelImpl <init>
INFO: [io.grpc.internal.ManagedChannelImpl-1] Created with target localhost:7050
[jetty-alpn-agent] Replacing: sun/security/ssl/ClientHandshaker
[jetty-alpn-agent] Replacing: sun/security/ssl/HelloExtensions
[jetty-alpn-agent] Replacing: sun/security/ssl/ClientHandshaker$2
Mar 18, 2017 6:00:33 PM io.grpc.internal.ManagedChannelImpl maybeTerminateChannel
INFO: [io.grpc.internal.ManagedChannelImpl-1] Terminated
Mar 18, 2017 6:00:33 PM io.grpc.internal.ManagedChannelImpl <init>
INFO: [io.grpc.internal.ManagedChannelImpl-6] Created with target localhost:7050
Mar 18, 2017 6:00:33 PM io.grpc.internal.ManagedChannelImpl <init>
INFO: [io.grpc.internal.ManagedChannelImpl-11] Created with target localhost:7051
Mar 18, 2017 6:00:36 PM io.grpc.internal.ManagedChannelImpl <init>
INFO: [io.grpc.internal.ManagedChannelImpl-16] Created with target localhost:7050
Mar 18, 2017 6:00:36 PM io.grpc.internal.ManagedChannelImpl <init>
INFO: [io.grpc.internal.ManagedChannelImpl-21] Created with target localhost:7050
Mar 18, 2017 6:00:36 PM io.grpc.internal.ManagedChannelImpl <init>
INFO: [io.grpc.internal.ManagedChannelImpl-26] Created with target localhost:7053
Running Chain foo
Creating install proposal
Successful install proposal response Txid: e804a6f604640f7a137adc743a692f9ab67e5580a5cb58267b0f3a91359b29cc
Received 1 install proposal responses. Successful+verified: 1 . Failed: 0
Sending instantiateProposalRequest code with a and b set to 100 and 200 respectively

java.lang.Exception: Not enough endorsers for instantiate  :0.  Sending proposal to peer failed because of gRPC failure=Status{code=UNKNOWN, description=Timeout expired while starting chaincode example_cc.go:1.0(networkid:dev,peerid:vp0,tx:7795741d2a7d31d134907454bc825e3d243f22e967f2da0e3c555dd44b72a3c6), cause=null}. Was verified:false
	at org.hyperledger.fabric.sdkintegration.End2endIT.runChain(End2endIT.java:285)
	at org.hyperledger.fabric.sdkintegration.End2endIT.setup(End2endIT.java:165)
	at sun.reflect.NativeMethodAccessorImpl.invoke0(Native Method)
	at sun.reflect.NativeMethodAccessorImpl.invoke(NativeMethodAccessorImpl.java:62)
	at sun.reflect.DelegatingMethodAccessorImpl.invoke(DelegatingMethodAccessorImpl.java:43)
	at java.lang.reflect.Method.invoke(Method.java:498)
	at org.junit.runners.model.FrameworkMethod$1.runReflectiveCall(FrameworkMethod.java:50)
	at org.junit.internal.runners.model.ReflectiveCallable.run(ReflectiveCallable.java:12)
	at org.junit.runners.model.FrameworkMethod.invokeExplosively(FrameworkMethod.java:47)
	at org.junit.internal.runners.statements.InvokeMethod.evaluate(InvokeMethod.java:17)
	at org.junit.internal.runners.statements.RunBefores.evaluate(RunBefores.java:26)
2017-03-18 18:05:45 ERROR Chain:1508 - Sending proposal to peer failed because of gRPC failure=Status{code=UNKNOWN, description=Timeout expired while starting chaincode example_cc.go:1.0(networkid:dev,peerid:vp0,tx:7795741d2a7d31d134907454bc825e3d243f22e967f2da0e3c555dd44b72a3c6), cause=null}
java.lang.Exception: io.grpc.StatusRuntimeException: UNKNOWN: Timeout expired while starting chaincode example_cc.go:1.0(networkid:dev,peerid:vp0,tx:7795741d2a7d31d134907454bc825e3d243f22e967f2da0e3c555dd44b72a3c6)
	at org.hyperledger.fabric.sdk.Chain.sendProposalToPeers(Chain.java:1508)
	at org.hyperledger.fabric.sdk.Chain.sendInstantiationProposal(Chain.java:1030)
	at org.hyperledger.fabric.sdkintegration.End2endIT.runChain(End2endIT.java:264)
	at org.hyperledger.fabric.sdkintegration.End2endIT.setup(End2endIT.java:165)	at org.junit.internal.runners.statements.RunAfters.evaluate(RunAfters.java:27)

	at sun.reflect.NativeMethodAccessorImpl.invoke0(Native Method)
	at sun.reflect.NativeMethodAccessorImpl.invoke(NativeMethodAccessorImpl.java:62)

	at org.junit.runners.ParentRunner.runLeaf(ParentRunner.java:325)
	at sun.reflect.DelegatingMethodAccessorImpl.invoke(DelegatingMethodAccessorImpl.java:43)	at java.lang.reflect.Method.invoke(Method.java:498)
	at org.junit.runners.BlockJUnit4ClassRunner.runChild(BlockJUnit4ClassRunner.java:78)

	at org.junit.runners.model.FrameworkMethod$1.runReflectiveCall(FrameworkMethod.java:50)
	at org.junit.internal.runners.model.ReflectiveCallable.run(ReflectiveCallable.java:12)
	at org.junit.runners.BlockJUnit4ClassRunner.runChild(BlockJUnit4ClassRunner.java:57)
	at org.junit.runners.model.FrameworkMethod.invokeExplosively(FrameworkMethod.java:47)

	at org.junit.runners.ParentRunner$3.run(ParentRunner.java:290)
	at org.junit.internal.runners.statements.InvokeMethod.evaluate(InvokeMethod.java:17)
	at org.junit.internal.runners.statements.RunBefores.evaluate(RunBefores.java:26)
	at org.junit.runners.ParentRunner$1.schedule(ParentRunner.java:71)
	at org.junit.internal.runners.statements.RunAfters.evaluate(RunAfters.java:27)
	at org.junit.runners.ParentRunner.runLeaf(ParentRunner.java:325)
	at org.junit.runners.ParentRunner.runChildren(ParentRunner.java:288)
	at org.junit.runners.BlockJUnit4ClassRunner.runChild(BlockJUnit4ClassRunner.java:78)

	at org.junit.runners.BlockJUnit4ClassRunner.runChild(BlockJUnit4ClassRunner.java:57)	at org.junit.runners.ParentRunner$3.run(ParentRunner.java:290)
	at org.junit.runners.ParentRunner$1.schedule(ParentRunner.java:71)	at org.junit.runners.ParentRunner.access$000(ParentRunner.java:58)

	at org.junit.runners.ParentRunner.runChildren(ParentRunner.java:288)
	at org.junit.runners.ParentRunner.access$000(ParentRunner.java:58)
	at org.junit.runners.ParentRunner$2.evaluate(ParentRunner.java:268)
	at org.junit.runners.ParentRunner$2.evaluate(ParentRunner.java:268)
	at org.junit.runners.ParentRunner.run(ParentRunner.java:363)
	at org.junit.runner.JUnitCore.run(JUnitCore.java:137)
	at org.junit.runners.ParentRunner.run(ParentRunner.java:363)
	at com.intellij.junit4.JUnit4IdeaTestRunner.startRunnerWithArgs(JUnit4IdeaTestRunner.java:68)
	at org.junit.runner.JUnitCore.run(JUnitCore.java:137)

	at com.intellij.rt.execution.junit.IdeaTestRunner$Repeater.startRunnerWithArgs(IdeaTestRunner.java:51)
	at com.intellij.rt.execution.junit.JUnitStarter.prepareStreamsAndStart(JUnitStarter.java:237)
	at com.intellij.junit4.JUnit4IdeaTestRunner.startRunnerWithArgs(JUnit4IdeaTestRunner.java:68)
	at com.intellij.rt.execution.junit.JUnitStarter.main(JUnitStarter.java:70)
	at sun.reflect.NativeMethodAccessorImpl.invoke0(Native Method)
	at com.intellij.rt.execution.junit.IdeaTestRunner$Repeater.startRunnerWithArgs(IdeaTestRunner.java:51)
	at sun.reflect.NativeMethodAccessorImpl.invoke(NativeMethodAccessorImpl.java:62)
	at sun.reflect.DelegatingMethodAccessorImpl.invoke(DelegatingMethodAccessorImpl.java:43)
	at com.intellij.rt.execution.junit.JUnitStarter.prepareStreamsAndStart(JUnitStarter.java:237)
	at java.lang.reflect.Method.invoke(Method.java:498)
	at com.intellij.rt.execution.application.AppMain.main(AppMain.java:147)
	at com.intellij.rt.execution.junit.JUnitStarter.main(JUnitStarter.java:70)
Caused by: io.grpc.StatusRuntimeException: UNKNOWN: Timeout expired while starting chaincode example_cc.go:1.0(networkid:dev,peerid:vp0,tx:7795741d2a7d31d134907454bc825e3d243f22e967f2da0e3c555dd44b72a3c6)
	at sun.reflect.NativeMethodAccessorImpl.invoke0(Native Method)
	at io.grpc.Status.asRuntimeException(Status.java:539)
	at io.grpc.stub.ClientCalls$UnaryStreamToFuture.onClose(ClientCalls.java:439)
	at sun.reflect.NativeMethodAccessorImpl.invoke(NativeMethodAccessorImpl.java:62)
	at io.grpc.internal.ClientCallImpl.closeObserver(ClientCallImpl.java:422)
	at io.grpc.internal.ClientCallImpl.access$100(ClientCallImpl.java:74)

	at io.grpc.internal.ClientCallImpl$ClientStreamListenerImpl.close(ClientCallImpl.java:508)	at sun.reflect.DelegatingMethodAccessorImpl.invoke(DelegatingMethodAccessorImpl.java:43)

	at io.grpc.internal.ClientCallImpl$ClientStreamListenerImpl.access$700(ClientCallImpl.java:425)
	at java.lang.reflect.Method.invoke(Method.java:498)
	at io.grpc.internal.ClientCallImpl$ClientStreamListenerImpl$1StreamClosed.runInContext(ClientCallImpl.java:540)
	at com.intellij.rt.execution.application.AppMain.main(AppMain.java:147)
	at io.grpc.internal.ContextRunnable.run(ContextRunnable.java:52)
	at io.grpc.internal.SerializingExecutor$TaskRunner.run(SerializingExecutor.java:152)
	at java.util.concurrent.ThreadPoolExecutor.runWorker(ThreadPoolExecutor.java:1142)
	at java.util.concurrent.ThreadPoolExecutor$Worker.run(ThreadPoolExecutor.java:617)
	at java.lang.Thread.run(Thread.java:745)
Received 1 instantiate proposal responses. Successful+verified: 0 . Failed: 1
Caught an exception running chain foo

java.lang.AssertionError: Test failed with error : Not enough endorsers for instantiate  :0.  Sending proposal to peer failed because of gRPC failure=Status{code=UNKNOWN, description=Timeout expired while starting chaincode example_cc.go:1.0(networkid:dev,peerid:vp0,tx:7795741d2a7d31d134907454bc825e3d243f22e967f2da0e3c555dd44b72a3c6), cause=null}. Was verified:false

	at org.junit.Assert.fail(Assert.java:88)
	at org.hyperledger.fabric.sdkintegration.End2endIT.runChain(End2endIT.java:484)
	at org.hyperledger.fabric.sdkintegration.End2endIT.setup(End2endIT.java:165)
	at sun.reflect.NativeMethodAccessorImpl.invoke0(Native Method)
	at sun.reflect.NativeMethodAccessorImpl.invoke(NativeMethodAccessorImpl.java:62)
	at sun.reflect.DelegatingMethodAccessorImpl.invoke(DelegatingMethodAccessorImpl.java:43)
	at java.lang.reflect.Method.invoke(Method.java:498)
	at org.junit.runners.model.FrameworkMethod$1.runReflectiveCall(FrameworkMethod.java:50)
	at org.junit.internal.runners.model.ReflectiveCallable.run(ReflectiveCallable.java:12)
	at org.junit.runners.model.FrameworkMethod.invokeExplosively(FrameworkMethod.java:47)
	at org.junit.internal.runners.statements.InvokeMethod.evaluate(InvokeMethod.java:17)
	at org.junit.internal.runners.statements.RunBefores.evaluate(RunBefores.java:26)
	at org.junit.internal.runners.statements.RunAfters.evaluate(RunAfters.java:27)
	at org.junit.runners.ParentRunner.runLeaf(ParentRunner.java:325)
	at org.junit.runners.BlockJUnit4ClassRunner.runChild(BlockJUnit4ClassRunner.java:78)
	at org.junit.runners.BlockJUnit4ClassRunner.runChild(BlockJUnit4ClassRunner.java:57)
	at org.junit.runners.ParentRunner$3.run(ParentRunner.java:290)
	at org.junit.runners.ParentRunner$1.schedule(ParentRunner.java:71)
	at org.junit.runners.ParentRunner.runChildren(ParentRunner.java:288)
	at org.junit.runners.ParentRunner.access$000(ParentRunner.java:58)
	at org.junit.runners.ParentRunner$2.evaluate(ParentRunner.java:268)
	at org.junit.runners.ParentRunner.run(ParentRunner.java:363)
	at org.junit.runner.JUnitCore.run(JUnitCore.java:137)
	at com.intellij.junit4.JUnit4IdeaTestRunner.startRunnerWithArgs(JUnit4IdeaTestRunner.java:68)
	at com.intellij.rt.execution.junit.IdeaTestRunner$Repeater.startRunnerWithArgs(IdeaTestRunner.java:51)
	at com.intellij.rt.execution.junit.JUnitStarter.prepareStreamsAndStart(JUnitStarter.java:237)
	at com.intellij.rt.execution.junit.JUnitStarter.main(JUnitStarter.java:70)
	at sun.reflect.NativeMethodAccessorImpl.invoke0(Native Method)
	at sun.reflect.NativeMethodAccessorImpl.invoke(NativeMethodAccessorImpl.java:62)
	at sun.reflect.DelegatingMethodAccessorImpl.invoke(DelegatingMethodAccessorImpl.java:43)
	at java.lang.reflect.Method.invoke(Method.java:498)
	at com.intellij.rt.execution.application.AppMain.main(AppMain.java:147)
